<?xml version="1.0" encoding="UTF-8"?>
<!-- Generated by org.testng.reporters.JUnitReportReporter -->
<testsuite hostname="VIJJU-PC" name="ajay.autoit" tests="1" failures="0" timestamp="8 Jun 2016 11:01:32 GMT" time="19.214" errors="0">
  <testcase name="f" time="19.214" classname="ajay.autoit"/>
</testsuite> <!-- ajay.autoit -->
