<?xml version="1.0" encoding="UTF-8"?>
<!-- Generated by org.testng.reporters.JUnitReportReporter -->
<testsuite hostname="VIJJU-PC" name="ajay.dropdown" tests="1" failures="0" timestamp="22 Dec 2016 12:38:07 GMT" time="4.166" errors="0">
  <testcase name="f" time="4.166" classname="ajay.dropdown"/>
</testsuite> <!-- ajay.dropdown -->
