<?xml version="1.0" encoding="UTF-8"?>
<!-- Generated by org.testng.reporters.JUnitReportReporter -->
<testsuite hostname="VIJJU-PC" name="ajay.NewTest" tests="1" failures="0" timestamp="16 Mar 2017 11:25:05 GMT" time="5.385" errors="0">
  <testcase name="f" time="5.385" classname="ajay.NewTest"/>
</testsuite> <!-- ajay.NewTest -->
