<?xml version="1.0" encoding="UTF-8"?>
<!-- Generated by org.testng.reporters.JUnitReportReporter -->
<testsuite hostname="VIJJU-PC" name="ajay.windowhandling" tests="1" failures="0" timestamp="15 Aug 2016 11:35:38 GMT" time="0.002" errors="1">
  <testcase name="f" time="0.002" classname="ajay.windowhandling">
    <error type="org.openqa.selenium.WebDriverException" message="Failed to connect to binary FirefoxBinary(C:\Program Files (x86)\Mozilla Firefox\firefox.exe) on port 7055; process output follows: 
ull,&quot;updateKey&quot;:null,&quot;optionsURL&quot;:null,&quot;optionsType&quot;:null,&quot;aboutURL&quot;:null,&quot;icons&quot;:{&quot;32&quot;:&quot;icon.png&quot;,&quot;48&quot;:&quot;icon.png&quot;},&quot;iconURL&quot;:null,&quot;icon64URL&quot;:null,&quot;defaultLocale&quot;:{&quot;name&quot;:&quot;Default&quot;,&quot;description&quot;:&quot;The default theme.&quot;,&quot;creator&quot;:&quot;Mozilla&quot;,&quot;homepageURL&quot;:null,&quot;contributors&quot;:[&quot;Mozilla Contributors&quot;]},&quot;visible&quot;:true,&quot;active&quot;:true,&quot;userDisabled&quot;:false,&quot;appDisabled&quot;:false,&quot;descriptor&quot;:&quot;C:\\Program Files (x86)\\Mozilla Firefox\\browser\\extensions\\{972ce4c6-7e08-4474-a285-3208198ce6fd}.xpi&quot;,&quot;installDate&quot;:1469556455000,&quot;updateDate&quot;:1469556455000,&quot;applyBackgroundUpdates&quot;:1,&quot;skinnable&quot;:true,&quot;size&quot;:21899,&quot;sourceURI&quot;:null,&quot;releaseNotesURI&quot;:null,&quot;softDisabled&quot;:false,&quot;foreignInstall&quot;:false,&quot;hasBinaryComponents&quot;:false,&quot;strictCompatibility&quot;:true,&quot;locales&quot;:[],&quot;targetApplications&quot;:[{&quot;id&quot;:&quot;{ec8030f7-c20a-464f-9b0e-13a3a9e97384}&quot;,&quot;minVersion&quot;:&quot;48.0&quot;,&quot;maxVersion&quot;:&quot;48.0&quot;}],&quot;targetPlatforms&quot;:[],&quot;seen&quot;:true}
1471260893824	addons.xpi	DEBUG	getModTime: Recursive scan of {972ce4c6-7e08-4474-a285-3208198ce6fd}
1471260893826	DeferredSave.extensions.json	DEBUG	Save changes
1471260893826	addons.xpi	DEBUG	Updating database with changes to installed add-ons
1471260893826	addons.xpi-utils	DEBUG	Updating add-on states
1471260893827	addons.xpi-utils	DEBUG	Writing add-ons list
1471260893830	addons.xpi	DEBUG	Registering manifest for C:\Program Files (x86)\Mozilla Firefox\browser\features\e10srollout@mozilla.org.xpi
1471260893831	addons.xpi	DEBUG	Calling bootstrap method startup on e10srollout@mozilla.org version 1.0
1471260893831	addons.xpi	DEBUG	Registering manifest for C:\Program Files (x86)\Mozilla Firefox\browser\features\firefox@getpocket.com.xpi
1471260893831	addons.xpi	DEBUG	Calling bootstrap method startup on firefox@getpocket.com version 1.0.4
1471260893832	addons.xpi	DEBUG	Registering manifest for C:\Program Files (x86)\Mozilla Firefox\browser\features\loop@mozilla.org.xpi
1471260893833	addons.xpi	DEBUG	Calling bootstrap method startup on loop@mozilla.org version 1.4.3
1471260893864	addons.manager	DEBUG	Registering shutdown blocker for XPIProvider
1471260893864	addons.manager	DEBUG	Provider finished startup: XPIProvider
1471260893864	addons.manager	DEBUG	Starting provider: LightweightThemeManager
1471260893864	addons.manager	DEBUG	Registering shutdown blocker for LightweightThemeManager
1471260893864	addons.manager	DEBUG	Provider finished startup: LightweightThemeManager
1471260893865	addons.manager	DEBUG	Starting provider: GMPProvider
1471260893874	addons.manager	DEBUG	Registering shutdown blocker for GMPProvider
1471260893874	addons.manager	DEBUG	Provider finished startup: GMPProvider
1471260893874	addons.manager	DEBUG	Starting provider: PluginProvider
1471260893874	addons.manager	DEBUG	Registering shutdown blocker for PluginProvider
1471260893875	addons.manager	DEBUG	Provider finished startup: PluginProvider
1471260893875	addons.manager	DEBUG	Completed startup sequence
1471260895764	addons.manager	DEBUG	Starting provider: &lt;unnamed-provider&gt;
1471260895764	addons.manager	DEBUG	Registering shutdown blocker for &lt;unnamed-provider&gt;
1471260895765	addons.manager	DEBUG	Provider finished startup: &lt;unnamed-provider&gt;
1471260896223	DeferredSave.extensions.json	DEBUG	Write succeeded
1471260896223	addons.xpi-utils	DEBUG	XPI Database saved, setting schema version preference to 17
1471260896224	DeferredSave.extensions.json	DEBUG	Starting timer
1471260896259	DeferredSave.extensions.json	DEBUG	Starting write
1471260896282	addons.repository	DEBUG	No addons.json found.
1471260896283	DeferredSave.addons.json	DEBUG	Save changes
1471260896286	DeferredSave.addons.json	DEBUG	Starting timer
1471260896327	addons.manager	DEBUG	Starting provider: PreviousExperimentProvider
1471260896327	addons.manager	DEBUG	Registering shutdown blocker for PreviousExperimentProvider
1471260896327	addons.manager	DEBUG	Provider finished startup: PreviousExperimentProvider
1471260896337	DeferredSave.addons.json	DEBUG	Starting write
1471260896339	DeferredSave.extensions.json	DEBUG	Write succeeded
1471260896371	DeferredSave.addons.json	DEBUG	Write succeeded

Build info: version: &#039;2.52.0&#039;, revision: &#039;4c2593c&#039;, time: &#039;2016-02-11 19:06:42&#039;
System info: host: &#039;VIJJU-PC&#039;, ip: &#039;192.168.1.4&#039;, os.name: &#039;Windows 7&#039;, os.arch: &#039;amd64&#039;, os.version: &#039;6.1&#039;, java.version: &#039;1.8.0_74&#039;
Driver info: driver.version: FirefoxDriver">
      <![CDATA[org.openqa.selenium.WebDriverException: Failed to connect to binary FirefoxBinary(C:\Program Files (x86)\Mozilla Firefox\firefox.exe) on port 7055; process output follows: 
ull,"updateKey":null,"optionsURL":null,"optionsType":null,"aboutURL":null,"icons":{"32":"icon.png","48":"icon.png"},"iconURL":null,"icon64URL":null,"defaultLocale":{"name":"Default","description":"The default theme.","creator":"Mozilla","homepageURL":null,"contributors":["Mozilla Contributors"]},"visible":true,"active":true,"userDisabled":false,"appDisabled":false,"descriptor":"C:\\Program Files (x86)\\Mozilla Firefox\\browser\\extensions\\{972ce4c6-7e08-4474-a285-3208198ce6fd}.xpi","installDate":1469556455000,"updateDate":1469556455000,"applyBackgroundUpdates":1,"skinnable":true,"size":21899,"sourceURI":null,"releaseNotesURI":null,"softDisabled":false,"foreignInstall":false,"hasBinaryComponents":false,"strictCompatibility":true,"locales":[],"targetApplications":[{"id":"{ec8030f7-c20a-464f-9b0e-13a3a9e97384}","minVersion":"48.0","maxVersion":"48.0"}],"targetPlatforms":[],"seen":true}
1471260893824	addons.xpi	DEBUG	getModTime: Recursive scan of {972ce4c6-7e08-4474-a285-3208198ce6fd}
1471260893826	DeferredSave.extensions.json	DEBUG	Save changes
1471260893826	addons.xpi	DEBUG	Updating database with changes to installed add-ons
1471260893826	addons.xpi-utils	DEBUG	Updating add-on states
1471260893827	addons.xpi-utils	DEBUG	Writing add-ons list
1471260893830	addons.xpi	DEBUG	Registering manifest for C:\Program Files (x86)\Mozilla Firefox\browser\features\e10srollout@mozilla.org.xpi
1471260893831	addons.xpi	DEBUG	Calling bootstrap method startup on e10srollout@mozilla.org version 1.0
1471260893831	addons.xpi	DEBUG	Registering manifest for C:\Program Files (x86)\Mozilla Firefox\browser\features\firefox@getpocket.com.xpi
1471260893831	addons.xpi	DEBUG	Calling bootstrap method startup on firefox@getpocket.com version 1.0.4
1471260893832	addons.xpi	DEBUG	Registering manifest for C:\Program Files (x86)\Mozilla Firefox\browser\features\loop@mozilla.org.xpi
1471260893833	addons.xpi	DEBUG	Calling bootstrap method startup on loop@mozilla.org version 1.4.3
1471260893864	addons.manager	DEBUG	Registering shutdown blocker for XPIProvider
1471260893864	addons.manager	DEBUG	Provider finished startup: XPIProvider
1471260893864	addons.manager	DEBUG	Starting provider: LightweightThemeManager
1471260893864	addons.manager	DEBUG	Registering shutdown blocker for LightweightThemeManager
1471260893864	addons.manager	DEBUG	Provider finished startup: LightweightThemeManager
1471260893865	addons.manager	DEBUG	Starting provider: GMPProvider
1471260893874	addons.manager	DEBUG	Registering shutdown blocker for GMPProvider
1471260893874	addons.manager	DEBUG	Provider finished startup: GMPProvider
1471260893874	addons.manager	DEBUG	Starting provider: PluginProvider
1471260893874	addons.manager	DEBUG	Registering shutdown blocker for PluginProvider
1471260893875	addons.manager	DEBUG	Provider finished startup: PluginProvider
1471260893875	addons.manager	DEBUG	Completed startup sequence
1471260895764	addons.manager	DEBUG	Starting provider: <unnamed-provider>
1471260895764	addons.manager	DEBUG	Registering shutdown blocker for <unnamed-provider>
1471260895765	addons.manager	DEBUG	Provider finished startup: <unnamed-provider>
1471260896223	DeferredSave.extensions.json	DEBUG	Write succeeded
1471260896223	addons.xpi-utils	DEBUG	XPI Database saved, setting schema version preference to 17
1471260896224	DeferredSave.extensions.json	DEBUG	Starting timer
1471260896259	DeferredSave.extensions.json	DEBUG	Starting write
1471260896282	addons.repository	DEBUG	No addons.json found.
1471260896283	DeferredSave.addons.json	DEBUG	Save changes
1471260896286	DeferredSave.addons.json	DEBUG	Starting timer
1471260896327	addons.manager	DEBUG	Starting provider: PreviousExperimentProvider
1471260896327	addons.manager	DEBUG	Registering shutdown blocker for PreviousExperimentProvider
1471260896327	addons.manager	DEBUG	Provider finished startup: PreviousExperimentProvider
1471260896337	DeferredSave.addons.json	DEBUG	Starting write
1471260896339	DeferredSave.extensions.json	DEBUG	Write succeeded
1471260896371	DeferredSave.addons.json	DEBUG	Write succeeded

Build info: version: '2.52.0', revision: '4c2593c', time: '2016-02-11 19:06:42'
System info: host: 'VIJJU-PC', ip: '192.168.1.4', os.name: 'Windows 7', os.arch: 'amd64', os.version: '6.1', java.version: '1.8.0_74'
Driver info: driver.version: FirefoxDriver
	at org.openqa.selenium.firefox.internal.NewProfileExtensionConnection.start(NewProfileExtensionConnection.java:124)
	at org.openqa.selenium.firefox.FirefoxDriver.startClient(FirefoxDriver.java:271)
	at org.openqa.selenium.remote.RemoteWebDriver.<init>(RemoteWebDriver.java:119)
	at org.openqa.selenium.firefox.FirefoxDriver.<init>(FirefoxDriver.java:218)
	at org.openqa.selenium.firefox.FirefoxDriver.<init>(FirefoxDriver.java:211)
	at org.openqa.selenium.firefox.FirefoxDriver.<init>(FirefoxDriver.java:207)
	at org.openqa.selenium.firefox.FirefoxDriver.<init>(FirefoxDriver.java:120)
	at ajay.windowhandling.beforeClass(windowhandling.java:43)
	at sun.reflect.NativeMethodAccessorImpl.invoke0(Native Method)
	at sun.reflect.NativeMethodAccessorImpl.invoke(Unknown Source)
	at sun.reflect.DelegatingMethodAccessorImpl.invoke(Unknown Source)
	at java.lang.reflect.Method.invoke(Unknown Source)
	at org.testng.internal.MethodInvocationHelper.invokeMethod(MethodInvocationHelper.java:86)
	at org.testng.internal.Invoker.invokeConfigurationMethod(Invoker.java:514)
	at org.testng.internal.Invoker.invokeConfigurations(Invoker.java:215)
	at org.testng.internal.Invoker.invokeConfigurations(Invoker.java:142)
	at org.testng.internal.TestMethodWorker.invokeBeforeClassMethods(TestMethodWorker.java:178)
	at org.testng.internal.TestMethodWorker.run(TestMethodWorker.java:108)
	at org.testng.TestRunner.privateRun(TestRunner.java:782)
	at org.testng.TestRunner.run(TestRunner.java:632)
	at org.testng.SuiteRunner.runTest(SuiteRunner.java:366)
	at org.testng.SuiteRunner.runSequentially(SuiteRunner.java:361)
	at org.testng.SuiteRunner.privateRun(SuiteRunner.java:319)
	at org.testng.SuiteRunner.run(SuiteRunner.java:268)
	at org.testng.SuiteRunnerWorker.runSuite(SuiteRunnerWorker.java:52)
	at org.testng.SuiteRunnerWorker.run(SuiteRunnerWorker.java:86)
	at org.testng.TestNG.runSuitesSequentially(TestNG.java:1244)
	at org.testng.TestNG.runSuitesLocally(TestNG.java:1169)
	at org.testng.TestNG.run(TestNG.java:1064)
	at org.testng.remote.RemoteTestNG.run(RemoteTestNG.java:113)
	at org.testng.remote.RemoteTestNG.initAndRun(RemoteTestNG.java:206)
	at org.testng.remote.RemoteTestNG.main(RemoteTestNG.java:177)
Caused by: org.openqa.selenium.firefox.NotConnectedException: Unable to connect to host 127.0.0.1 on port 7055 after 45000 ms. Firefox console output:
ull,"updateKey":null,"optionsURL":null,"optionsType":null,"aboutURL":null,"icons":{"32":"icon.png","48":"icon.png"},"iconURL":null,"icon64URL":null,"defaultLocale":{"name":"Default","description":"The default theme.","creator":"Mozilla","homepageURL":null,"contributors":["Mozilla Contributors"]},"visible":true,"active":true,"userDisabled":false,"appDisabled":false,"descriptor":"C:\\Program Files (x86)\\Mozilla Firefox\\browser\\extensions\\{972ce4c6-7e08-4474-a285-3208198ce6fd}.xpi","installDate":1469556455000,"updateDate":1469556455000,"applyBackgroundUpdates":1,"skinnable":true,"size":21899,"sourceURI":null,"releaseNotesURI":null,"softDisabled":false,"foreignInstall":false,"hasBinaryComponents":false,"strictCompatibility":true,"locales":[],"targetApplications":[{"id":"{ec8030f7-c20a-464f-9b0e-13a3a9e97384}","minVersion":"48.0","maxVersion":"48.0"}],"targetPlatforms":[],"seen":true}
1471260893824	addons.xpi	DEBUG	getModTime: Recursive scan of {972ce4c6-7e08-4474-a285-3208198ce6fd}
1471260893826	DeferredSave.extensions.json	DEBUG	Save changes
1471260893826	addons.xpi	DEBUG	Updating database with changes to installed add-ons
1471260893826	addons.xpi-utils	DEBUG	Updating add-on states
1471260893827	addons.xpi-utils	DEBUG	Writing add-ons list
1471260893830	addons.xpi	DEBUG	Registering manifest for C:\Program Files (x86)\Mozilla Firefox\browser\features\e10srollout@mozilla.org.xpi
1471260893831	addons.xpi	DEBUG	Calling bootstrap method startup on e10srollout@mozilla.org version 1.0
1471260893831	addons.xpi	DEBUG	Registering manifest for C:\Program Files (x86)\Mozilla Firefox\browser\features\firefox@getpocket.com.xpi
1471260893831	addons.xpi	DEBUG	Calling bootstrap method startup on firefox@getpocket.com version 1.0.4
1471260893832	addons.xpi	DEBUG	Registering manifest for C:\Program Files (x86)\Mozilla Firefox\browser\features\loop@mozilla.org.xpi
1471260893833	addons.xpi	DEBUG	Calling bootstrap method startup on loop@mozilla.org version 1.4.3
1471260893864	addons.manager	DEBUG	Registering shutdown blocker for XPIProvider
1471260893864	addons.manager	DEBUG	Provider finished startup: XPIProvider
1471260893864	addons.manager	DEBUG	Starting provider: LightweightThemeManager
1471260893864	addons.manager	DEBUG	Registering shutdown blocker for LightweightThemeManager
1471260893864	addons.manager	DEBUG	Provider finished startup: LightweightThemeManager
1471260893865	addons.manager	DEBUG	Starting provider: GMPProvider
1471260893874	addons.manager	DEBUG	Registering shutdown blocker for GMPProvider
1471260893874	addons.manager	DEBUG	Provider finished startup: GMPProvider
1471260893874	addons.manager	DEBUG	Starting provider: PluginProvider
1471260893874	addons.manager	DEBUG	Registering shutdown blocker for PluginProvider
1471260893875	addons.manager	DEBUG	Provider finished startup: PluginProvider
1471260893875	addons.manager	DEBUG	Completed startup sequence
1471260895764	addons.manager	DEBUG	Starting provider: <unnamed-provider>
1471260895764	addons.manager	DEBUG	Registering shutdown blocker for <unnamed-provider>
1471260895765	addons.manager	DEBUG	Provider finished startup: <unnamed-provider>
1471260896223	DeferredSave.extensions.json	DEBUG	Write succeeded
1471260896223	addons.xpi-utils	DEBUG	XPI Database saved, setting schema version preference to 17
1471260896224	DeferredSave.extensions.json	DEBUG	Starting timer
1471260896259	DeferredSave.extensions.json	DEBUG	Starting write
1471260896282	addons.repository	DEBUG	No addons.json found.
1471260896283	DeferredSave.addons.json	DEBUG	Save changes
1471260896286	DeferredSave.addons.json	DEBUG	Starting timer
1471260896327	addons.manager	DEBUG	Starting provider: PreviousExperimentProvider
1471260896327	addons.manager	DEBUG	Registering shutdown blocker for PreviousExperimentProvider
1471260896327	addons.manager	DEBUG	Provider finished startup: PreviousExperimentProvider
1471260896337	DeferredSave.addons.json	DEBUG	Starting write
1471260896339	DeferredSave.extensions.json	DEBUG	Write succeeded
1471260896371	DeferredSave.addons.json	DEBUG	Write succeeded

	at org.openqa.selenium.firefox.internal.NewProfileExtensionConnection.start(NewProfileExtensionConnection.java:112)
	... 31 more
]]>
    </error>
  </testcase> <!-- f -->
</testsuite> <!-- ajay.windowhandling -->
