<?xml version="1.0" encoding="UTF-8"?>
<!-- Generated by org.testng.reporters.JUnitReportReporter -->
<testsuite hostname="VIJJU-PC" name="ajay.draganddrop" tests="1" failures="0" timestamp="31 Jan 2017 09:45:27 GMT" time="22.728" errors="0">
  <testcase name="f" time="22.728" classname="ajay.draganddrop"/>
</testsuite> <!-- ajay.draganddrop -->
