<?xml version="1.0" encoding="UTF-8"?>
<!-- Generated by org.testng.reporters.JUnitReportReporter -->
<testsuite hostname="VIJJU-PC" name="ajay.screenshot" tests="1" failures="0" timestamp="27 Dec 2016 07:23:03 GMT" time="15.871" errors="0">
  <testcase name="f" time="15.871" classname="ajay.screenshot"/>
</testsuite> <!-- ajay.screenshot -->
