<?xml version="1.0" encoding="UTF-8"?>
<!-- Generated by org.testng.reporters.JUnitReportReporter -->
<testsuite hostname="VIJJU-PC" name="ajay.mouseoverbyreuse" tests="1" failures="0" timestamp="27 May 2016 11:13:29 GMT" time="47.996" errors="0">
  <testcase name="f" time="47.996" classname="ajay.mouseoverbyreuse"/>
</testsuite> <!-- ajay.mouseoverbyreuse -->
