<?xml version="1.0" encoding="UTF-8"?>
<!-- Generated by org.testng.reporters.JUnitReportReporter -->
<testsuite hostname="VIJJU-PC" name="ajay.mouseover" tests="1" failures="0" timestamp="26 May 2016 08:46:56 GMT" time="50.514" errors="0">
  <testcase name="f" time="50.514" classname="ajay.mouseover"/>
</testsuite> <!-- ajay.mouseover -->
